Analysis & Synthesis report for pc_rv32i
Tue Nov 18 23:57:24 2025
Quartus II Version 9.1 Build 350 03/24/2010 Service Pack 2 SJ Web Edition


---------------------
; Table of Contents ;
---------------------
  1. Legal Notice
  2. Analysis & Synthesis Summary
  3. Analysis & Synthesis Settings
  4. Parallel Compilation
  5. Analysis & Synthesis Source Files Read
  6. Analysis & Synthesis Resource Usage Summary
  7. Analysis & Synthesis Resource Utilization by Entity
  8. General Register Statistics
  9. Parameter Settings for User Entity Instance: Top-level Entity: |pc_rv32i
 10. Analysis & Synthesis Messages



----------------
; Legal Notice ;
----------------
Copyright (C) 1991-2010 Altera Corporation
Your use of Altera Corporation's design tools, logic functions 
and other software and tools, and its AMPP partner logic 
functions, and any output files from any of the foregoing 
(including device programming or simulation files), and any 
associated documentation or information are expressly subject 
to the terms and conditions of the Altera Program License 
Subscription Agreement, Altera MegaCore Function License 
Agreement, or other applicable license agreement, including, 
without limitation, that your use is for the sole purpose of 
programming logic devices manufactured by Altera and sold by 
Altera or its authorized distributors.  Please refer to the 
applicable agreement for further details.



+-----------------------------------------------------------------------------------+
; Analysis & Synthesis Summary                                                      ;
+------------------------------------+----------------------------------------------+
; Analysis & Synthesis Status        ; Successful - Tue Nov 18 23:57:24 2025        ;
; Quartus II Version                 ; 9.1 Build 350 03/24/2010 SP 2 SJ Web Edition ;
; Revision Name                      ; pc_rv32i                                     ;
; Top-level Entity Name              ; pc_rv32i                                     ;
; Family                             ; Cyclone III                                  ;
; Total logic elements               ; 64                                           ;
;     Total combinational functions  ; 64                                           ;
;     Dedicated logic registers      ; 32                                           ;
; Total registers                    ; 32                                           ;
; Total pins                         ; 66                                           ;
; Total virtual pins                 ; 0                                            ;
; Total memory bits                  ; 0                                            ;
; Embedded Multiplier 9-bit elements ; 0                                            ;
; Total PLLs                         ; 0                                            ;
+------------------------------------+----------------------------------------------+


+----------------------------------------------------------------------------------------------------------------------+
; Analysis & Synthesis Settings                                                                                        ;
+----------------------------------------------------------------------------+--------------------+--------------------+
; Option                                                                     ; Setting            ; Default Value      ;
+----------------------------------------------------------------------------+--------------------+--------------------+
; Top-level entity name                                                      ; pc_rv32i           ; pc_rv32i           ;
; Family name                                                                ; Cyclone III        ; Stratix II         ;
; Use Generated Physical Constraints File                                    ; Off                ;                    ;
; Use smart compilation                                                      ; Off                ; Off                ;
; Enable parallel Assembler and TimeQuest Timing Analyzer during compilation ; On                 ; On                 ;
; Enable compact report table                                                ; Off                ; Off                ;
; Restructure Multiplexers                                                   ; Auto               ; Auto               ;
; Create Debugging Nodes for IP Cores                                        ; Off                ; Off                ;
; Preserve fewer node names                                                  ; On                 ; On                 ;
; Disable OpenCore Plus hardware evaluation                                  ; Off                ; Off                ;
; Verilog Version                                                            ; Verilog_2001       ; Verilog_2001       ;
; VHDL Version                                                               ; VHDL_1993          ; VHDL_1993          ;
; State Machine Processing                                                   ; Auto               ; Auto               ;
; Safe State Machine                                                         ; Off                ; Off                ;
; Extract Verilog State Machines                                             ; On                 ; On                 ;
; Extract VHDL State Machines                                                ; On                 ; On                 ;
; Ignore Verilog initial constructs                                          ; Off                ; Off                ;
; Iteration limit for constant Verilog loops                                 ; 5000               ; 5000               ;
; Iteration limit for non-constant Verilog loops                             ; 250                ; 250                ;
; Add Pass-Through Logic to Inferred RAMs                                    ; On                 ; On                 ;
; Parallel Synthesis                                                         ; On                 ; On                 ;
; DSP Block Balancing                                                        ; Auto               ; Auto               ;
; NOT Gate Push-Back                                                         ; On                 ; On                 ;
; Power-Up Don't Care                                                        ; On                 ; On                 ;
; Remove Redundant Logic Cells                                               ; Off                ; Off                ;
; Remove Duplicate Registers                                                 ; On                 ; On                 ;
; Ignore CARRY Buffers                                                       ; Off                ; Off                ;
; Ignore CASCADE Buffers                                                     ; Off                ; Off                ;
; Ignore GLOBAL Buffers                                                      ; Off                ; Off                ;
; Ignore ROW GLOBAL Buffers                                                  ; Off                ; Off                ;
; Ignore LCELL Buffers                                                       ; Off                ; Off                ;
; Ignore SOFT Buffers                                                        ; On                 ; On                 ;
; Limit AHDL Integers to 32 Bits                                             ; Off                ; Off                ;
; Optimization Technique                                                     ; Balanced           ; Balanced           ;
; Carry Chain Length                                                         ; 70                 ; 70                 ;
; Auto Carry Chains                                                          ; On                 ; On                 ;
; Auto Open-Drain Pins                                                       ; On                 ; On                 ;
; Perform WYSIWYG Primitive Resynthesis                                      ; Off                ; Off                ;
; Auto ROM Replacement                                                       ; On                 ; On                 ;
; Auto RAM Replacement                                                       ; On                 ; On                 ;
; Auto DSP Block Replacement                                                 ; On                 ; On                 ;
; Auto Shift Register Replacement                                            ; Auto               ; Auto               ;
; Auto Clock Enable Replacement                                              ; On                 ; On                 ;
; Strict RAM Replacement                                                     ; Off                ; Off                ;
; Allow Synchronous Control Signals                                          ; On                 ; On                 ;
; Force Use of Synchronous Clear Signals                                     ; Off                ; Off                ;
; Auto RAM Block Balancing                                                   ; On                 ; On                 ;
; Auto RAM to Logic Cell Conversion                                          ; Off                ; Off                ;
; Auto Resource Sharing                                                      ; Off                ; Off                ;
; Allow Any RAM Size For Recognition                                         ; Off                ; Off                ;
; Allow Any ROM Size For Recognition                                         ; Off                ; Off                ;
; Allow Any Shift Register Size For Recognition                              ; Off                ; Off                ;
; Use LogicLock Constraints during Resource Balancing                        ; On                 ; On                 ;
; Ignore translate_off and synthesis_off directives                          ; Off                ; Off                ;
; Timing-Driven Synthesis                                                    ; On                 ; On                 ;
; Show Parameter Settings Tables in Synthesis Report                         ; On                 ; On                 ;
; Ignore Maximum Fan-Out Assignments                                         ; Off                ; Off                ;
; Synchronization Register Chain Length                                      ; 2                  ; 2                  ;
; PowerPlay Power Optimization                                               ; Normal compilation ; Normal compilation ;
; HDL message level                                                          ; Level2             ; Level2             ;
; Suppress Register Optimization Related Messages                            ; Off                ; Off                ;
; Number of Removed Registers Reported in Synthesis Report                   ; 5000               ; 5000               ;
; Number of Inverted Registers Reported in Synthesis Report                  ; 100                ; 100                ;
; Clock MUX Protection                                                       ; On                 ; On                 ;
; Auto Gated Clock Conversion                                                ; Off                ; Off                ;
; Block Design Naming                                                        ; Auto               ; Auto               ;
; SDC constraint protection                                                  ; Off                ; Off                ;
; Synthesis Effort                                                           ; Auto               ; Auto               ;
; Shift Register Replacement - Allow Asynchronous Clear Signal               ; On                 ; On                 ;
; Analysis & Synthesis Message Level                                         ; Medium             ; Medium             ;
; Disable Register Merging Across Hierarchies                                ; Auto               ; Auto               ;
; Resource Aware Inference For Block RAM                                     ; On                 ; On                 ;
+----------------------------------------------------------------------------+--------------------+--------------------+


Parallel compilation was disabled, but you have multiple processors available. Enable parallel compilation to reduce compilation time.
+-------------------------------------+
; Parallel Compilation                ;
+----------------------------+--------+
; Processors                 ; Number ;
+----------------------------+--------+
; Number detected on machine ; 2      ;
; Maximum allowed            ; 1      ;
+----------------------------+--------+


+-------------------------------------------------------------------------------------------------------------------------------------------------------------------------------------------------------------------------------------------------------+
; Analysis & Synthesis Source Files Read                                                                                                                                                                                                                ;
+----------------------------------+-----------------+------------------------+-------------------------------------------------------------------------------------------------------------------------------------------------------------------------+
; File Name with User-Entered Path ; Used in Netlist ; File Type              ; File Name with Absolute Path                                                                                                                                            ;
+----------------------------------+-----------------+------------------------+-------------------------------------------------------------------------------------------------------------------------------------------------------------------------+
; ../3_ProgramCounter/pc_rv32i.v   ; yes             ; User Verilog HDL File  ; D:/Academic/ITB/Semester_5/EL3011 Arsitektur_Komputer/Praktikum/Hasil Akhir Praktikum/EL3011_2_20251120_13223095/0_Prelab/Tugas_Pendahuluan/3_ProgramCounter/pc_rv32i.v ;
+----------------------------------+-----------------+------------------------+-------------------------------------------------------------------------------------------------------------------------------------------------------------------------+


+---------------------------------------------------------+
; Analysis & Synthesis Resource Usage Summary             ;
+---------------------------------------------+-----------+
; Resource                                    ; Usage     ;
+---------------------------------------------+-----------+
; Estimated Total logic elements              ; 64        ;
;                                             ;           ;
; Total combinational functions               ; 64        ;
; Logic element usage by number of LUT inputs ;           ;
;     -- 4 input functions                    ; 32        ;
;     -- 3 input functions                    ; 32        ;
;     -- <=2 input functions                  ; 0         ;
;                                             ;           ;
; Logic elements by mode                      ;           ;
;     -- normal mode                          ; 64        ;
;     -- arithmetic mode                      ; 0         ;
;                                             ;           ;
; Total registers                             ; 32        ;
;     -- Dedicated logic registers            ; 32        ;
;     -- I/O registers                        ; 0         ;
;                                             ;           ;
; I/O pins                                    ; 66        ;
; Maximum fan-out node                        ; clk~input ;
; Maximum fan-out                             ; 96        ;
; Total fan-out                               ; 418       ;
; Average fan-out                             ; 1.83      ;
+---------------------------------------------+-----------+


+-----------------------------------------------------------------------------------------------------------------------------------------------------------------------------+
; Analysis & Synthesis Resource Utilization by Entity                                                                                                                         ;
+----------------------------+-------------------+--------------+-------------+--------------+---------+-----------+------+--------------+---------------------+--------------+
; Compilation Hierarchy Node ; LC Combinationals ; LC Registers ; Memory Bits ; DSP Elements ; DSP 9x9 ; DSP 18x18 ; Pins ; Virtual Pins ; Full Hierarchy Name ; Library Name ;
+----------------------------+-------------------+--------------+-------------+--------------+---------+-----------+------+--------------+---------------------+--------------+
; |pc_rv32i                  ; 64 (64)           ; 32 (32)      ; 0           ; 0            ; 0       ; 0         ; 66   ; 0            ; |pc_rv32i           ; work         ;
+----------------------------+-------------------+--------------+-------------+--------------+---------+-----------+------+--------------+---------------------+--------------+
Note: For table entries with two numbers listed, the numbers in parentheses indicate the number of resources of the given type used by the specific entity alone. The numbers listed outside of parentheses indicate the total resources of the given type used by the specific entity and all of its sub-entities in the hierarchy.


+------------------------------------------------------+
; General Register Statistics                          ;
+----------------------------------------------+-------+
; Statistic                                    ; Value ;
+----------------------------------------------+-------+
; Total registers                              ; 32    ;
; Number of registers using Synchronous Clear  ; 0     ;
; Number of registers using Synchronous Load   ; 0     ;
; Number of registers using Asynchronous Clear ; 32    ;
; Number of registers using Asynchronous Load  ; 0     ;
; Number of registers using Clock Enable       ; 0     ;
; Number of registers using Preset             ; 0     ;
+----------------------------------------------+-------+


+--------------------------------------------------------------------------+
; Parameter Settings for User Entity Instance: Top-level Entity: |pc_rv32i ;
+----------------+-------+-------------------------------------------------+
; Parameter Name ; Value ; Type                                            ;
+----------------+-------+-------------------------------------------------+
; WIDTH          ; 32    ; Signed Integer                                  ;
+----------------+-------+-------------------------------------------------+
Note: In order to hide this table in the UI and the text report file, please set the "Show Parameter Settings Tables in Synthesis Report" option in "Analysis and Synthesis Settings -> More Settings" to "Off".


+-------------------------------+
; Analysis & Synthesis Messages ;
+-------------------------------+
Info: *******************************************************************
Info: Running Quartus II Analysis & Synthesis
    Info: Version 9.1 Build 350 03/24/2010 Service Pack 2 SJ Web Edition
    Info: Processing started: Tue Nov 18 23:57:23 2025
Info: Command: quartus_map --read_settings_files=on --write_settings_files=off 3_ProgramCounter -c pc_rv32i
Info: Found 1 design units, including 1 entities, in source file /academic/itb/semester_5/el3011 arsitektur_komputer/praktikum/hasil akhir praktikum/el3011_2_20251120_13223095/0_prelab/tugas_pendahuluan/3_programcounter/pc_rv32i.v
    Info: Found entity 1: pc_rv32i
Info: Elaborating entity "pc_rv32i" for the top level hierarchy
Warning: Presettable and clearable registers converted to equivalent circuits with latches. Registers power-up to an undefined state, and DEVCLRn places the registers in an undefined state.
    Warning (13310): Register "PCout[0]~reg0" is converted into an equivalent circuit using register "PCout[0]~reg0_emulated" and latch "PCout[0]~reg0latch"
    Warning (13310): Register "PCout[1]~reg0" is converted into an equivalent circuit using register "PCout[1]~reg0_emulated" and latch "PCout[1]~reg0latch"
    Warning (13310): Register "PCout[2]~reg0" is converted into an equivalent circuit using register "PCout[2]~reg0_emulated" and latch "PCout[2]~reg0latch"
    Warning (13310): Register "PCout[3]~reg0" is converted into an equivalent circuit using register "PCout[3]~reg0_emulated" and latch "PCout[3]~reg0latch"
    Warning (13310): Register "PCout[4]~reg0" is converted into an equivalent circuit using register "PCout[4]~reg0_emulated" and latch "PCout[4]~reg0latch"
    Warning (13310): Register "PCout[5]~reg0" is converted into an equivalent circuit using register "PCout[5]~reg0_emulated" and latch "PCout[5]~reg0latch"
    Warning (13310): Register "PCout[6]~reg0" is converted into an equivalent circuit using register "PCout[6]~reg0_emulated" and latch "PCout[6]~reg0latch"
    Warning (13310): Register "PCout[7]~reg0" is converted into an equivalent circuit using register "PCout[7]~reg0_emulated" and latch "PCout[7]~reg0latch"
    Warning (13310): Register "PCout[8]~reg0" is converted into an equivalent circuit using register "PCout[8]~reg0_emulated" and latch "PCout[8]~reg0latch"
    Warning (13310): Register "PCout[9]~reg0" is converted into an equivalent circuit using register "PCout[9]~reg0_emulated" and latch "PCout[9]~reg0latch"
    Warning (13310): Register "PCout[10]~reg0" is converted into an equivalent circuit using register "PCout[10]~reg0_emulated" and latch "PCout[10]~reg0latch"
    Warning (13310): Register "PCout[11]~reg0" is converted into an equivalent circuit using register "PCout[11]~reg0_emulated" and latch "PCout[11]~reg0latch"
    Warning (13310): Register "PCout[12]~reg0" is converted into an equivalent circuit using register "PCout[12]~reg0_emulated" and latch "PCout[12]~reg0latch"
    Warning (13310): Register "PCout[13]~reg0" is converted into an equivalent circuit using register "PCout[13]~reg0_emulated" and latch "PCout[13]~reg0latch"
    Warning (13310): Register "PCout[14]~reg0" is converted into an equivalent circuit using register "PCout[14]~reg0_emulated" and latch "PCout[14]~reg0latch"
    Warning (13310): Register "PCout[15]~reg0" is converted into an equivalent circuit using register "PCout[15]~reg0_emulated" and latch "PCout[15]~reg0latch"
    Warning (13310): Register "PCout[16]~reg0" is converted into an equivalent circuit using register "PCout[16]~reg0_emulated" and latch "PCout[16]~reg0latch"
    Warning (13310): Register "PCout[17]~reg0" is converted into an equivalent circuit using register "PCout[17]~reg0_emulated" and latch "PCout[17]~reg0latch"
    Warning (13310): Register "PCout[18]~reg0" is converted into an equivalent circuit using register "PCout[18]~reg0_emulated" and latch "PCout[18]~reg0latch"
    Warning (13310): Register "PCout[19]~reg0" is converted into an equivalent circuit using register "PCout[19]~reg0_emulated" and latch "PCout[19]~reg0latch"
    Warning (13310): Register "PCout[20]~reg0" is converted into an equivalent circuit using register "PCout[20]~reg0_emulated" and latch "PCout[20]~reg0latch"
    Warning (13310): Register "PCout[21]~reg0" is converted into an equivalent circuit using register "PCout[21]~reg0_emulated" and latch "PCout[21]~reg0latch"
    Warning (13310): Register "PCout[22]~reg0" is converted into an equivalent circuit using register "PCout[22]~reg0_emulated" and latch "PCout[22]~reg0latch"
    Warning (13310): Register "PCout[23]~reg0" is converted into an equivalent circuit using register "PCout[23]~reg0_emulated" and latch "PCout[23]~reg0latch"
    Warning (13310): Register "PCout[24]~reg0" is converted into an equivalent circuit using register "PCout[24]~reg0_emulated" and latch "PCout[24]~reg0latch"
    Warning (13310): Register "PCout[25]~reg0" is converted into an equivalent circuit using register "PCout[25]~reg0_emulated" and latch "PCout[25]~reg0latch"
    Warning (13310): Register "PCout[26]~reg0" is converted into an equivalent circuit using register "PCout[26]~reg0_emulated" and latch "PCout[26]~reg0latch"
    Warning (13310): Register "PCout[27]~reg0" is converted into an equivalent circuit using register "PCout[27]~reg0_emulated" and latch "PCout[27]~reg0latch"
    Warning (13310): Register "PCout[28]~reg0" is converted into an equivalent circuit using register "PCout[28]~reg0_emulated" and latch "PCout[28]~reg0latch"
    Warning (13310): Register "PCout[29]~reg0" is converted into an equivalent circuit using register "PCout[29]~reg0_emulated" and latch "PCout[29]~reg0latch"
    Warning (13310): Register "PCout[30]~reg0" is converted into an equivalent circuit using register "PCout[30]~reg0_emulated" and latch "PCout[30]~reg0latch"
    Warning (13310): Register "PCout[31]~reg0" is converted into an equivalent circuit using register "PCout[31]~reg0_emulated" and latch "PCout[31]~reg0latch"
Info: Timing-Driven Synthesis is running
Info: Implemented 162 device resources after synthesis - the final resource count might be different
    Info: Implemented 34 input pins
    Info: Implemented 32 output pins
    Info: Implemented 96 logic cells
Info: Quartus II Analysis & Synthesis was successful. 0 errors, 33 warnings
    Info: Peak virtual memory: 223 megabytes
    Info: Processing ended: Tue Nov 18 23:57:24 2025
    Info: Elapsed time: 00:00:01
    Info: Total CPU time (on all processors): 00:00:03


