Classic Timing Analyzer report for ctrl_unit_rv32i
Thu Nov 20 14:50:48 2025
Quartus II Version 9.1 Build 350 03/24/2010 Service Pack 2 SJ Web Edition


---------------------
; Table of Contents ;
---------------------
  1. Legal Notice
  2. Timing Analyzer Summary
  3. Timing Analyzer Settings
  4. Parallel Compilation
  5. tpd
  6. Timing Analyzer Messages



----------------
; Legal Notice ;
----------------
Copyright (C) 1991-2010 Altera Corporation
Your use of Altera Corporation's design tools, logic functions 
and other software and tools, and its AMPP partner logic 
functions, and any output files from any of the foregoing 
(including device programming or simulation files), and any 
associated documentation or information are expressly subject 
to the terms and conditions of the Altera Program License 
Subscription Agreement, Altera MegaCore Function License 
Agreement, or other applicable license agreement, including, 
without limitation, that your use is for the sole purpose of 
programming logic devices manufactured by Altera and sold by 
Altera or its authorized distributors.  Please refer to the 
applicable agreement for further details.



+----------------------------------------------------------------------------------------------------------------------------------------+
; Timing Analyzer Summary                                                                                                                ;
+------------------------------+-------+---------------+-------------+-----------+----------------+------------+----------+--------------+
; Type                         ; Slack ; Required Time ; Actual Time ; From      ; To             ; From Clock ; To Clock ; Failed Paths ;
+------------------------------+-------+---------------+-------------+-----------+----------------+------------+----------+--------------+
; Worst-case tpd               ; N/A   ; None          ; 11.828 ns   ; opcode[1] ; cu_loadtype[0] ; --         ; --       ; 0            ;
; Total number of failed paths ;       ;               ;             ;           ;                ;            ;          ; 0            ;
+------------------------------+-------+---------------+-------------+-----------+----------------+------------+----------+--------------+


+-----------------------------------------------------------------------------------------------------------------------------------------------------+
; Timing Analyzer Settings                                                                                                                            ;
+------------------------------------------------------------------------------------------------------+--------------------+------+----+-------------+
; Option                                                                                               ; Setting            ; From ; To ; Entity Name ;
+------------------------------------------------------------------------------------------------------+--------------------+------+----+-------------+
; Device Name                                                                                          ; EP2S15F484C3       ;      ;    ;             ;
; Timing Models                                                                                        ; Final              ;      ;    ;             ;
; Default hold multicycle                                                                              ; Same as Multicycle ;      ;    ;             ;
; Cut paths between unrelated clock domains                                                            ; On                 ;      ;    ;             ;
; Cut off read during write signal paths                                                               ; On                 ;      ;    ;             ;
; Cut off feedback from I/O pins                                                                       ; On                 ;      ;    ;             ;
; Report Combined Fast/Slow Timing                                                                     ; Off                ;      ;    ;             ;
; Ignore Clock Settings                                                                                ; Off                ;      ;    ;             ;
; Analyze latches as synchronous elements                                                              ; On                 ;      ;    ;             ;
; Enable Recovery/Removal analysis                                                                     ; Off                ;      ;    ;             ;
; Enable Clock Latency                                                                                 ; Off                ;      ;    ;             ;
; Use TimeQuest Timing Analyzer                                                                        ; Off                ;      ;    ;             ;
; Minimum Core Junction Temperature                                                                    ; 0                  ;      ;    ;             ;
; Maximum Core Junction Temperature                                                                    ; 85                 ;      ;    ;             ;
; Number of source nodes to report per destination node                                                ; 10                 ;      ;    ;             ;
; Number of destination nodes to report                                                                ; 10                 ;      ;    ;             ;
; Number of paths to report                                                                            ; 200                ;      ;    ;             ;
; Report Minimum Timing Checks                                                                         ; Off                ;      ;    ;             ;
; Use Fast Timing Models                                                                               ; Off                ;      ;    ;             ;
; Report IO Paths Separately                                                                           ; Off                ;      ;    ;             ;
; Perform Multicorner Analysis                                                                         ; On                 ;      ;    ;             ;
; Reports the worst-case path for each clock domain and analysis                                       ; Off                ;      ;    ;             ;
; Reports worst-case timing paths for each clock domain and analysis                                   ; Off                ;      ;    ;             ;
; Specifies the maximum number of worst-case timing paths to report for each clock domain and analysis ; 100                ;      ;    ;             ;
; Removes common clock path pessimism (CCPP) during slack computation                                  ; Off                ;      ;    ;             ;
; Output I/O Timing Endpoint                                                                           ; Near End           ;      ;    ;             ;
; Enables Advanced I/O Timing                                                                          ; On                 ;      ;    ;             ;
+------------------------------------------------------------------------------------------------------+--------------------+------+----+-------------+


Parallel compilation was disabled, but you have multiple processors available. Enable parallel compilation to reduce compilation time.
+-------------------------------------+
; Parallel Compilation                ;
+----------------------------+--------+
; Processors                 ; Number ;
+----------------------------+--------+
; Number detected on machine ; 2      ;
; Maximum allowed            ; 1      ;
+----------------------------+--------+


+------------------------------------------------------------------------------------------------------------------------------------------------+
; tpd                                                                                                                                            ;
+-----------------------------------------+-----------------------------------------------------+-----------------+-----------+------------------+
; Slack                                   ; Required P2P Time                                   ; Actual P2P Time ; From      ; To               ;
+-----------------------------------------+-----------------------------------------------------+-----------------+-----------+------------------+
; N/A                                     ; None                                                ; 11.828 ns       ; opcode[1] ; cu_loadtype[0]   ;
; N/A                                     ; None                                                ; 11.793 ns       ; opcode[1] ; cu_store         ;
; N/A                                     ; None                                                ; 11.704 ns       ; opcode[6] ; cu_loadtype[0]   ;
; N/A                                     ; None                                                ; 11.669 ns       ; opcode[6] ; cu_store         ;
; N/A                                     ; None                                                ; 11.572 ns       ; opcode[2] ; cu_loadtype[0]   ;
; N/A                                     ; None                                                ; 11.537 ns       ; opcode[2] ; cu_store         ;
; N/A                                     ; None                                                ; 11.509 ns       ; opcode[3] ; cu_loadtype[0]   ;
; N/A                                     ; None                                                ; 11.484 ns       ; opcode[4] ; cu_branchtype[0] ;
; N/A                                     ; None                                                ; 11.474 ns       ; opcode[3] ; cu_store         ;
; N/A                                     ; None                                                ; 11.469 ns       ; opcode[1] ; cu_PCtype        ;
; N/A                                     ; None                                                ; 11.402 ns       ; opcode[1] ; cu_storetype[1]  ;
; N/A                                     ; None                                                ; 11.393 ns       ; opcode[1] ; cu_loadtype[1]   ;
; N/A                                     ; None                                                ; 11.333 ns       ; opcode[4] ; cu_branch        ;
; N/A                                     ; None                                                ; 11.281 ns       ; opcode[1] ; cu_loadtype[2]   ;
; N/A                                     ; None                                                ; 11.278 ns       ; opcode[6] ; cu_storetype[1]  ;
; N/A                                     ; None                                                ; 11.269 ns       ; opcode[6] ; cu_loadtype[1]   ;
; N/A                                     ; None                                                ; 11.241 ns       ; opcode[4] ; cu_branchtype[1] ;
; N/A                                     ; None                                                ; 11.211 ns       ; opcode[5] ; cu_branchtype[0] ;
; N/A                                     ; None                                                ; 11.195 ns       ; opcode[5] ; cu_immtype[1]    ;
; N/A                                     ; None                                                ; 11.157 ns       ; opcode[6] ; cu_loadtype[2]   ;
; N/A                                     ; None                                                ; 11.149 ns       ; opcode[6] ; cu_branchtype[0] ;
; N/A                                     ; None                                                ; 11.146 ns       ; opcode[2] ; cu_storetype[1]  ;
; N/A                                     ; None                                                ; 11.137 ns       ; opcode[2] ; cu_loadtype[1]   ;
; N/A                                     ; None                                                ; 11.083 ns       ; opcode[3] ; cu_storetype[1]  ;
; N/A                                     ; None                                                ; 11.080 ns       ; opcode[1] ; cu_storetype[0]  ;
; N/A                                     ; None                                                ; 11.080 ns       ; opcode[1] ; cu_immtype[2]    ;
; N/A                                     ; None                                                ; 11.074 ns       ; opcode[3] ; cu_loadtype[1]   ;
; N/A                                     ; None                                                ; 11.070 ns       ; opcode[2] ; cu_immtype[1]    ;
; N/A                                     ; None                                                ; 11.060 ns       ; opcode[5] ; cu_branch        ;
; N/A                                     ; None                                                ; 11.025 ns       ; opcode[2] ; cu_loadtype[2]   ;
; N/A                                     ; None                                                ; 10.998 ns       ; opcode[6] ; cu_branch        ;
; N/A                                     ; None                                                ; 10.968 ns       ; opcode[5] ; cu_branchtype[1] ;
; N/A                                     ; None                                                ; 10.962 ns       ; opcode[3] ; cu_loadtype[2]   ;
; N/A                                     ; None                                                ; 10.956 ns       ; opcode[6] ; cu_storetype[0]  ;
; N/A                                     ; None                                                ; 10.921 ns       ; opcode[6] ; cu_immtype[1]    ;
; N/A                                     ; None                                                ; 10.908 ns       ; opcode[0] ; cu_loadtype[0]   ;
; N/A                                     ; None                                                ; 10.906 ns       ; opcode[6] ; cu_branchtype[1] ;
; N/A                                     ; None                                                ; 10.884 ns       ; opcode[2] ; cu_adtype        ;
; N/A                                     ; None                                                ; 10.873 ns       ; opcode[0] ; cu_store         ;
; N/A                                     ; None                                                ; 10.836 ns       ; opcode[1] ; cu_adtype        ;
; N/A                                     ; None                                                ; 10.824 ns       ; opcode[2] ; cu_storetype[0]  ;
; N/A                                     ; None                                                ; 10.762 ns       ; opcode[3] ; cu_adtype        ;
; N/A                                     ; None                                                ; 10.761 ns       ; opcode[3] ; cu_storetype[0]  ;
; N/A                                     ; None                                                ; 10.696 ns       ; opcode[6] ; cu_adtype        ;
; N/A                                     ; None                                                ; 10.681 ns       ; opcode[4] ; cu_branchtype[2] ;
; N/A                                     ; None                                                ; 10.669 ns       ; opcode[4] ; cu_adtype        ;
; N/A                                     ; None                                                ; 10.550 ns       ; opcode[0] ; cu_PCtype        ;
; N/A                                     ; None                                                ; 10.537 ns       ; opcode[1] ; cu_ALU1src       ;
; N/A                                     ; None                                                ; 10.521 ns       ; opcode[4] ; cu_PCtype        ;
; N/A                                     ; None                                                ; 10.490 ns       ; opcode[2] ; cu_sltype        ;
; N/A                                     ; None                                                ; 10.482 ns       ; opcode[0] ; cu_storetype[1]  ;
; N/A                                     ; None                                                ; 10.473 ns       ; opcode[0] ; cu_loadtype[1]   ;
; N/A                                     ; None                                                ; 10.442 ns       ; opcode[1] ; cu_sltype        ;
; N/A                                     ; None                                                ; 10.429 ns       ; opcode[4] ; cu_store         ;
; N/A                                     ; None                                                ; 10.408 ns       ; opcode[5] ; cu_branchtype[2] ;
; N/A                                     ; None                                                ; 10.399 ns       ; opcode[2] ; cu_gatype[1]     ;
; N/A                                     ; None                                                ; 10.382 ns       ; opcode[2] ; cu_ALUtype[0]    ;
; N/A                                     ; None                                                ; 10.368 ns       ; opcode[3] ; cu_sltype        ;
; N/A                                     ; None                                                ; 10.361 ns       ; opcode[0] ; cu_loadtype[2]   ;
; N/A                                     ; None                                                ; 10.360 ns       ; opcode[5] ; cu_adtype        ;
; N/A                                     ; None                                                ; 10.351 ns       ; opcode[1] ; cu_gatype[1]     ;
; N/A                                     ; None                                                ; 10.346 ns       ; opcode[6] ; cu_branchtype[2] ;
; N/A                                     ; None                                                ; 10.343 ns       ; funct3[2] ; cu_adtype        ;
; N/A                                     ; None                                                ; 10.339 ns       ; opcode[2] ; cu_gatype[0]     ;
; N/A                                     ; None                                                ; 10.334 ns       ; opcode[1] ; cu_ALUtype[0]    ;
; N/A                                     ; None                                                ; 10.317 ns       ; funct3[0] ; cu_adtype        ;
; N/A                                     ; None                                                ; 10.302 ns       ; opcode[6] ; cu_sltype        ;
; N/A                                     ; None                                                ; 10.291 ns       ; opcode[1] ; cu_gatype[0]     ;
; N/A                                     ; None                                                ; 10.277 ns       ; opcode[3] ; cu_gatype[1]     ;
; N/A                                     ; None                                                ; 10.275 ns       ; opcode[4] ; cu_sltype        ;
; N/A                                     ; None                                                ; 10.260 ns       ; opcode[3] ; cu_ALUtype[0]    ;
; N/A                                     ; None                                                ; 10.248 ns       ; opcode[5] ; cu_PCtype        ;
; N/A                                     ; None                                                ; 10.244 ns       ; opcode[2] ; cu_branchtype[0] ;
; N/A                                     ; None                                                ; 10.241 ns       ; opcode[5] ; cu_ALU1src       ;
; N/A                                     ; None                                                ; 10.217 ns       ; opcode[3] ; cu_gatype[0]     ;
; N/A                                     ; None                                                ; 10.211 ns       ; opcode[6] ; cu_gatype[1]     ;
; N/A                                     ; None                                                ; 10.194 ns       ; opcode[6] ; cu_ALUtype[0]    ;
; N/A                                     ; None                                                ; 10.188 ns       ; funct3[1] ; cu_storetype[1]  ;
; N/A                                     ; None                                                ; 10.186 ns       ; opcode[6] ; cu_PCtype        ;
; N/A                                     ; None                                                ; 10.184 ns       ; opcode[4] ; cu_gatype[1]     ;
; N/A                                     ; None                                                ; 10.172 ns       ; opcode[1] ; cu_branchtype[0] ;
; N/A                                     ; None                                                ; 10.167 ns       ; opcode[4] ; cu_loadtype[0]   ;
; N/A                                     ; None                                                ; 10.167 ns       ; opcode[4] ; cu_ALUtype[0]    ;
; N/A                                     ; None                                                ; 10.161 ns       ; opcode[0] ; cu_immtype[2]    ;
; N/A                                     ; None                                                ; 10.160 ns       ; opcode[0] ; cu_storetype[0]  ;
; N/A                                     ; None                                                ; 10.151 ns       ; opcode[6] ; cu_gatype[0]     ;
; N/A                                     ; None                                                ; 10.146 ns       ; opcode[6] ; cu_ALU1src       ;
; N/A                                     ; None                                                ; 10.146 ns       ; opcode[4] ; cu_ALU1src       ;
; N/A                                     ; None                                                ; 10.141 ns       ; funct7[4] ; cu_adtype        ;
; N/A                                     ; None                                                ; 10.131 ns       ; opcode[4] ; cu_immtype[2]    ;
; N/A                                     ; None                                                ; 10.129 ns       ; opcode[5] ; cu_store         ;
; N/A                                     ; None                                                ; 10.129 ns       ; funct3[1] ; cu_loadtype[0]   ;
; N/A                                     ; None                                                ; 10.124 ns       ; opcode[4] ; cu_gatype[0]     ;
; N/A                                     ; None                                                ; 10.123 ns       ; opcode[3] ; cu_branchtype[0] ;
; N/A                                     ; None                                                ; 10.122 ns       ; opcode[2] ; cu_shiftype[1]   ;
; N/A                                     ; None                                                ; 10.081 ns       ; opcode[4] ; cu_storetype[1]  ;
; N/A                                     ; None                                                ; 10.074 ns       ; opcode[1] ; cu_shiftype[1]   ;
; N/A                                     ; None                                                ; 10.052 ns       ; funct3[2] ; cu_loadtype[0]   ;
; N/A                                     ; None                                                ; 10.044 ns       ; funct7[2] ; cu_adtype        ;
; N/A                                     ; None                                                ; 10.025 ns       ; funct3[1] ; cu_loadtype[2]   ;
; N/A                                     ; None                                                ; 10.015 ns       ; opcode[0] ; cu_adtype        ;
; N/A                                     ; None                                                ; 10.002 ns       ; opcode[2] ; cu_branchtype[1] ;
; N/A                                     ; None                                                ; 10.000 ns       ; opcode[3] ; cu_shiftype[1]   ;
; N/A                                     ; None                                                ; 9.979 ns        ; funct7[5] ; cu_adtype        ;
; N/A                                     ; None                                                ; 9.976 ns        ; opcode[3] ; cu_ALU1src       ;
; N/A                                     ; None                                                ; 9.975 ns        ; funct7[1] ; cu_adtype        ;
; N/A                                     ; None                                                ; 9.965 ns        ; opcode[3] ; cu_rdtype[1]     ;
; N/A                                     ; None                                                ; 9.954 ns        ; opcode[4] ; cu_rdtype[1]     ;
; N/A                                     ; None                                                ; 9.952 ns        ; funct7[4] ; cu_shiftype[1]   ;
; N/A                                     ; None                                                ; 9.950 ns        ; funct3[2] ; cu_storetype[1]  ;
; N/A                                     ; None                                                ; 9.934 ns        ; opcode[6] ; cu_shiftype[1]   ;
; N/A                                     ; None                                                ; 9.934 ns        ; opcode[2] ; cu_shiftype[0]   ;
; N/A                                     ; None                                                ; 9.931 ns        ; opcode[2] ; cu_ALU1src       ;
; N/A                                     ; None                                                ; 9.930 ns        ; opcode[1] ; cu_branchtype[1] ;
; N/A                                     ; None                                                ; 9.916 ns        ; funct3[2] ; cu_loadtype[2]   ;
; N/A                                     ; None                                                ; 9.913 ns        ; funct3[1] ; cu_adtype        ;
; N/A                                     ; None                                                ; 9.909 ns        ; opcode[4] ; cu_loadtype[2]   ;
; N/A                                     ; None                                                ; 9.909 ns        ; opcode[4] ; cu_rdtype[0]     ;
; N/A                                     ; None                                                ; 9.907 ns        ; opcode[4] ; cu_shiftype[1]   ;
; N/A                                     ; None                                                ; 9.886 ns        ; opcode[1] ; cu_shiftype[0]   ;
; N/A                                     ; None                                                ; 9.881 ns        ; opcode[3] ; cu_branchtype[1] ;
; N/A                                     ; None                                                ; 9.865 ns        ; opcode[6] ; cu_rdtype[1]     ;
; N/A                                     ; None                                                ; 9.858 ns        ; opcode[5] ; cu_immtype[2]    ;
; N/A                                     ; None                                                ; 9.855 ns        ; funct7[2] ; cu_shiftype[1]   ;
; N/A                                     ; None                                                ; 9.850 ns        ; opcode[0] ; cu_rdtype[0]     ;
; N/A                                     ; None                                                ; 9.812 ns        ; opcode[3] ; cu_shiftype[0]   ;
; N/A                                     ; None                                                ; 9.807 ns        ; funct3[2] ; cu_sltype        ;
; N/A                                     ; None                                                ; 9.796 ns        ; opcode[6] ; cu_immtype[2]    ;
; N/A                                     ; None                                                ; 9.786 ns        ; funct7[1] ; cu_shiftype[1]   ;
; N/A                                     ; None                                                ; 9.781 ns        ; opcode[5] ; cu_storetype[1]  ;
; N/A                                     ; None                                                ; 9.781 ns        ; funct3[0] ; cu_sltype        ;
; N/A                                     ; None                                                ; 9.780 ns        ; opcode[1] ; cu_rdwrite       ;
; N/A                                     ; None                                                ; 9.777 ns        ; funct3[0] ; cu_storetype[1]  ;
; N/A                                     ; None                                                ; 9.763 ns        ; opcode[5] ; cu_loadtype[0]   ;
; N/A                                     ; None                                                ; 9.753 ns        ; funct3[1] ; cu_loadtype[1]   ;
; N/A                                     ; None                                                ; 9.753 ns        ; opcode[2] ; cu_ALUtype[1]    ;
; N/A                                     ; None                                                ; 9.746 ns        ; opcode[6] ; cu_shiftype[0]   ;
; N/A                                     ; None                                                ; 9.737 ns        ; opcode[4] ; cu_immtype[0]    ;
; N/A                                     ; None                                                ; 9.732 ns        ; opcode[4] ; cu_loadtype[1]   ;
; N/A                                     ; None                                                ; 9.726 ns        ; opcode[4] ; cu_storetype[0]  ;
; N/A                                     ; None                                                ; 9.719 ns        ; opcode[4] ; cu_shiftype[0]   ;
; N/A                                     ; None                                                ; 9.715 ns        ; funct7[0] ; cu_adtype        ;
; N/A                                     ; None                                                ; 9.714 ns        ; funct3[2] ; cu_gatype[1]     ;
; N/A                                     ; None                                                ; 9.705 ns        ; opcode[1] ; cu_ALUtype[1]    ;
; N/A                                     ; None                                                ; 9.699 ns        ; funct3[2] ; cu_ALUtype[0]    ;
; N/A                                     ; None                                                ; 9.688 ns        ; funct3[0] ; cu_gatype[1]     ;
; N/A                                     ; None                                                ; 9.673 ns        ; funct3[0] ; cu_ALUtype[0]    ;
; N/A                                     ; None                                                ; 9.661 ns        ; funct3[2] ; cu_gatype[0]     ;
; N/A                                     ; None                                                ; 9.648 ns        ; funct3[0] ; cu_loadtype[0]   ;
; N/A                                     ; None                                                ; 9.640 ns        ; funct3[1] ; cu_sltype        ;
; N/A                                     ; None                                                ; 9.637 ns        ; funct3[1] ; cu_storetype[0]  ;
; N/A                                     ; None                                                ; 9.631 ns        ; opcode[3] ; cu_ALUtype[1]    ;
; N/A                                     ; None                                                ; 9.630 ns        ; opcode[0] ; cu_immtype[0]    ;
; N/A                                     ; None                                                ; 9.628 ns        ; funct3[0] ; cu_gatype[0]     ;
; N/A                                     ; None                                                ; 9.621 ns        ; opcode[0] ; cu_sltype        ;
; N/A                                     ; None                                                ; 9.618 ns        ; opcode[0] ; cu_ALU1src       ;
; N/A                                     ; None                                                ; 9.617 ns        ; funct3[2] ; cu_loadtype[1]   ;
; N/A                                     ; None                                                ; 9.604 ns        ; opcode[2] ; cu_PCtype        ;
; N/A                                     ; None                                                ; 9.594 ns        ; funct3[2] ; cu_storetype[0]  ;
; N/A                                     ; None                                                ; 9.585 ns        ; funct3[1] ; cu_gatype[1]     ;
; N/A                                     ; None                                                ; 9.565 ns        ; opcode[6] ; cu_ALUtype[1]    ;
; N/A                                     ; None                                                ; 9.543 ns        ; funct3[0] ; cu_branchtype[0] ;
; N/A                                     ; None                                                ; 9.538 ns        ; opcode[4] ; cu_ALUtype[1]    ;
; N/A                                     ; None                                                ; 9.535 ns        ; funct3[1] ; cu_ALUtype[0]    ;
; N/A                                     ; None                                                ; 9.530 ns        ; opcode[0] ; cu_gatype[1]     ;
; N/A                                     ; None                                                ; 9.529 ns        ; funct7[3] ; cu_adtype        ;
; N/A                                     ; None                                                ; 9.526 ns        ; funct7[0] ; cu_shiftype[1]   ;
; N/A                                     ; None                                                ; 9.513 ns        ; opcode[0] ; cu_ALUtype[0]    ;
; N/A                                     ; None                                                ; 9.509 ns        ; funct3[1] ; cu_gatype[0]     ;
; N/A                                     ; None                                                ; 9.483 ns        ; opcode[5] ; cu_rdwrite       ;
; N/A                                     ; None                                                ; 9.479 ns        ; funct3[1] ; cu_shiftype[1]   ;
; N/A                                     ; None                                                ; 9.470 ns        ; opcode[0] ; cu_gatype[0]     ;
; N/A                                     ; None                                                ; 9.466 ns        ; opcode[2] ; cu_branch        ;
; N/A                                     ; None                                                ; 9.466 ns        ; opcode[2] ; cu_immtype[0]    ;
; N/A                                     ; None                                                ; 9.450 ns        ; funct3[2] ; cu_shiftype[1]   ;
; N/A                                     ; None                                                ; 9.440 ns        ; funct3[2] ; cu_branchtype[0] ;
; N/A                                     ; None                                                ; 9.429 ns        ; opcode[2] ; cu_branchtype[2] ;
; N/A                                     ; None                                                ; 9.426 ns        ; opcode[5] ; cu_storetype[0]  ;
; N/A                                     ; None                                                ; 9.421 ns        ; funct3[0] ; cu_storetype[0]  ;
; N/A                                     ; None                                                ; 9.418 ns        ; funct3[1] ; cu_branchtype[0] ;
; N/A                                     ; None                                                ; 9.407 ns        ; opcode[1] ; cu_immtype[1]    ;
; N/A                                     ; None                                                ; 9.393 ns        ; funct3[0] ; cu_loadtype[2]   ;
; N/A                                     ; None                                                ; 9.387 ns        ; opcode[0] ; cu_branchtype[0] ;
; N/A                                     ; None                                                ; 9.386 ns        ; opcode[6] ; cu_rdwrite       ;
; N/A                                     ; None                                                ; 9.386 ns        ; opcode[4] ; cu_rdwrite       ;
; N/A                                     ; None                                                ; 9.381 ns        ; opcode[1] ; cu_rdtype[1]     ;
; N/A                                     ; None                                                ; 9.363 ns        ; opcode[1] ; cu_branch        ;
; N/A                                     ; None                                                ; 9.357 ns        ; opcode[1] ; cu_branchtype[2] ;
; N/A                                     ; None                                                ; 9.355 ns        ; opcode[5] ; cu_loadtype[2]   ;
; N/A                                     ; None                                                ; 9.345 ns        ; opcode[3] ; cu_branch        ;
; N/A                                     ; None                                                ; 9.340 ns        ; funct7[3] ; cu_shiftype[1]   ;
; N/A                                     ; None                                                ; 9.328 ns        ; opcode[5] ; cu_loadtype[1]   ;
; N/A                                     ; None                                                ; 9.326 ns        ; opcode[3] ; cu_immtype[1]    ;
; N/A                                     ; None                                                ; 9.319 ns        ; funct3[0] ; cu_loadtype[1]   ;
; N/A                                     ; None                                                ; 9.313 ns        ; funct7[6] ; cu_adtype        ;
; N/A                                     ; None                                                ; 9.313 ns        ; opcode[5] ; cu_immtype[0]    ;
; N/A                                     ; None                                                ; 9.308 ns        ; opcode[3] ; cu_branchtype[2] ;
; N/A                                     ; None                                                ; 9.300 ns        ; funct3[0] ; cu_branchtype[1] ;
; N/A                                     ; None                                                ; 9.299 ns        ; funct3[0] ; cu_shiftype[1]   ;
; N/A                                     ; None                                                ; 9.284 ns        ; opcode[5] ; cu_rdtype[0]     ;
; Timing analysis restricted to 200 rows. ; To change the limit use Settings (Assignments menu) ;                 ;           ;                  ;
+-----------------------------------------+-----------------------------------------------------+-----------------+-----------+------------------+


+--------------------------+
; Timing Analyzer Messages ;
+--------------------------+
Info: *******************************************************************
Info: Running Quartus II Classic Timing Analyzer
    Info: Version 9.1 Build 350 03/24/2010 Service Pack 2 SJ Web Edition
    Info: Processing started: Thu Nov 20 14:50:47 2025
Info: Command: quartus_tan --read_settings_files=off --write_settings_files=off ctrl_unit_rv32i -c ctrl_unit_rv32i --timing_analysis_only
Info: Longest tpd from source pin "opcode[1]" to destination pin "cu_loadtype[0]" is 11.828 ns
    Info: 1: + IC(0.000 ns) + CELL(0.857 ns) = 0.857 ns; Loc. = PIN_A8; Fanout = 9; PIN Node = 'opcode[1]'
    Info: 2: + IC(4.635 ns) + CELL(0.346 ns) = 5.838 ns; Loc. = LCCOMB_X35_Y18_N2; Fanout = 6; COMB Node = 'WideOr10~1'
    Info: 3: + IC(1.381 ns) + CELL(0.378 ns) = 7.597 ns; Loc. = LCCOMB_X18_Y16_N16; Fanout = 1; COMB Node = 'cu_loadtype~0'
    Info: 4: + IC(2.249 ns) + CELL(1.982 ns) = 11.828 ns; Loc. = PIN_AB7; Fanout = 0; PIN Node = 'cu_loadtype[0]'
    Info: Total cell delay = 3.563 ns ( 30.12 % )
    Info: Total interconnect delay = 8.265 ns ( 69.88 % )
Info: Quartus II Classic Timing Analyzer was successful. 0 errors, 0 warnings
    Info: Peak virtual memory: 188 megabytes
    Info: Processing ended: Thu Nov 20 14:50:48 2025
    Info: Elapsed time: 00:00:01
    Info: Total CPU time (on all processors): 00:00:01


