Analysis & Synthesis report for instr_rom_rv32i
Thu Nov 06 13:56:06 2025
Quartus II Version 9.1 Build 350 03/24/2010 Service Pack 2 SJ Web Edition


---------------------
; Table of Contents ;
---------------------
  1. Legal Notice
  2. Analysis & Synthesis Summary
  3. Analysis & Synthesis Settings
  4. Parallel Compilation
  5. Analysis & Synthesis Source Files Read
  6. Analysis & Synthesis Resource Usage Summary
  7. Analysis & Synthesis Resource Utilization by Entity
  8. Registers Removed During Synthesis
  9. General Register Statistics
 10. Inverted Register Statistics
 11. Analysis & Synthesis Messages



----------------
; Legal Notice ;
----------------
Copyright (C) 1991-2010 Altera Corporation
Your use of Altera Corporation's design tools, logic functions 
and other software and tools, and its AMPP partner logic 
functions, and any output files from any of the foregoing 
(including device programming or simulation files), and any 
associated documentation or information are expressly subject 
to the terms and conditions of the Altera Program License 
Subscription Agreement, Altera MegaCore Function License 
Agreement, or other applicable license agreement, including, 
without limitation, that your use is for the sole purpose of 
programming logic devices manufactured by Altera and sold by 
Altera or its authorized distributors.  Please refer to the 
applicable agreement for further details.



+-----------------------------------------------------------------------------------+
; Analysis & Synthesis Summary                                                      ;
+------------------------------------+----------------------------------------------+
; Analysis & Synthesis Status        ; Successful - Thu Nov 06 13:56:06 2025        ;
; Quartus II Version                 ; 9.1 Build 350 03/24/2010 SP 2 SJ Web Edition ;
; Revision Name                      ; instr_rom_rv32i                              ;
; Top-level Entity Name              ; instr_rom_rv32i                              ;
; Family                             ; Cyclone III                                  ;
; Total logic elements               ; 33                                           ;
;     Total combinational functions  ; 23                                           ;
;     Dedicated logic registers      ; 23                                           ;
; Total registers                    ; 23                                           ;
; Total pins                         ; 66                                           ;
; Total virtual pins                 ; 0                                            ;
; Total memory bits                  ; 0                                            ;
; Embedded Multiplier 9-bit elements ; 0                                            ;
; Total PLLs                         ; 0                                            ;
+------------------------------------+----------------------------------------------+


+----------------------------------------------------------------------------------------------------------------------+
; Analysis & Synthesis Settings                                                                                        ;
+----------------------------------------------------------------------------+--------------------+--------------------+
; Option                                                                     ; Setting            ; Default Value      ;
+----------------------------------------------------------------------------+--------------------+--------------------+
; Top-level entity name                                                      ; instr_rom_rv32i    ; instr_rom_rv32i    ;
; Family name                                                                ; Cyclone III        ; Stratix II         ;
; Use Generated Physical Constraints File                                    ; Off                ;                    ;
; Auto ROM Replacement                                                       ; Off                ; On                 ;
; Auto RAM Replacement                                                       ; Off                ; On                 ;
; Use smart compilation                                                      ; Off                ; Off                ;
; Enable parallel Assembler and TimeQuest Timing Analyzer during compilation ; On                 ; On                 ;
; Enable compact report table                                                ; Off                ; Off                ;
; Restructure Multiplexers                                                   ; Auto               ; Auto               ;
; Create Debugging Nodes for IP Cores                                        ; Off                ; Off                ;
; Preserve fewer node names                                                  ; On                 ; On                 ;
; Disable OpenCore Plus hardware evaluation                                  ; Off                ; Off                ;
; Verilog Version                                                            ; Verilog_2001       ; Verilog_2001       ;
; VHDL Version                                                               ; VHDL_1993          ; VHDL_1993          ;
; State Machine Processing                                                   ; Auto               ; Auto               ;
; Safe State Machine                                                         ; Off                ; Off                ;
; Extract Verilog State Machines                                             ; On                 ; On                 ;
; Extract VHDL State Machines                                                ; On                 ; On                 ;
; Ignore Verilog initial constructs                                          ; Off                ; Off                ;
; Iteration limit for constant Verilog loops                                 ; 5000               ; 5000               ;
; Iteration limit for non-constant Verilog loops                             ; 250                ; 250                ;
; Add Pass-Through Logic to Inferred RAMs                                    ; On                 ; On                 ;
; Parallel Synthesis                                                         ; On                 ; On                 ;
; DSP Block Balancing                                                        ; Auto               ; Auto               ;
; NOT Gate Push-Back                                                         ; On                 ; On                 ;
; Power-Up Don't Care                                                        ; On                 ; On                 ;
; Remove Redundant Logic Cells                                               ; Off                ; Off                ;
; Remove Duplicate Registers                                                 ; On                 ; On                 ;
; Ignore CARRY Buffers                                                       ; Off                ; Off                ;
; Ignore CASCADE Buffers                                                     ; Off                ; Off                ;
; Ignore GLOBAL Buffers                                                      ; Off                ; Off                ;
; Ignore ROW GLOBAL Buffers                                                  ; Off                ; Off                ;
; Ignore LCELL Buffers                                                       ; Off                ; Off                ;
; Ignore SOFT Buffers                                                        ; On                 ; On                 ;
; Limit AHDL Integers to 32 Bits                                             ; Off                ; Off                ;
; Optimization Technique                                                     ; Balanced           ; Balanced           ;
; Carry Chain Length                                                         ; 70                 ; 70                 ;
; Auto Carry Chains                                                          ; On                 ; On                 ;
; Auto Open-Drain Pins                                                       ; On                 ; On                 ;
; Perform WYSIWYG Primitive Resynthesis                                      ; Off                ; Off                ;
; Auto DSP Block Replacement                                                 ; On                 ; On                 ;
; Auto Shift Register Replacement                                            ; Auto               ; Auto               ;
; Auto Clock Enable Replacement                                              ; On                 ; On                 ;
; Strict RAM Replacement                                                     ; Off                ; Off                ;
; Allow Synchronous Control Signals                                          ; On                 ; On                 ;
; Force Use of Synchronous Clear Signals                                     ; Off                ; Off                ;
; Auto RAM Block Balancing                                                   ; On                 ; On                 ;
; Auto RAM to Logic Cell Conversion                                          ; Off                ; Off                ;
; Auto Resource Sharing                                                      ; Off                ; Off                ;
; Allow Any RAM Size For Recognition                                         ; Off                ; Off                ;
; Allow Any ROM Size For Recognition                                         ; Off                ; Off                ;
; Allow Any Shift Register Size For Recognition                              ; Off                ; Off                ;
; Use LogicLock Constraints during Resource Balancing                        ; On                 ; On                 ;
; Ignore translate_off and synthesis_off directives                          ; Off                ; Off                ;
; Timing-Driven Synthesis                                                    ; On                 ; On                 ;
; Show Parameter Settings Tables in Synthesis Report                         ; On                 ; On                 ;
; Ignore Maximum Fan-Out Assignments                                         ; Off                ; Off                ;
; Synchronization Register Chain Length                                      ; 2                  ; 2                  ;
; PowerPlay Power Optimization                                               ; Normal compilation ; Normal compilation ;
; HDL message level                                                          ; Level2             ; Level2             ;
; Suppress Register Optimization Related Messages                            ; Off                ; Off                ;
; Number of Removed Registers Reported in Synthesis Report                   ; 5000               ; 5000               ;
; Number of Inverted Registers Reported in Synthesis Report                  ; 100                ; 100                ;
; Clock MUX Protection                                                       ; On                 ; On                 ;
; Auto Gated Clock Conversion                                                ; Off                ; Off                ;
; Block Design Naming                                                        ; Auto               ; Auto               ;
; SDC constraint protection                                                  ; Off                ; Off                ;
; Synthesis Effort                                                           ; Auto               ; Auto               ;
; Shift Register Replacement - Allow Asynchronous Clear Signal               ; On                 ; On                 ;
; Analysis & Synthesis Message Level                                         ; Medium             ; Medium             ;
; Disable Register Merging Across Hierarchies                                ; Auto               ; Auto               ;
; Resource Aware Inference For Block RAM                                     ; On                 ; On                 ;
+----------------------------------------------------------------------------+--------------------+--------------------+


Parallel compilation was disabled, but you have multiple processors available. Enable parallel compilation to reduce compilation time.
+-------------------------------------+
; Parallel Compilation                ;
+----------------------------+--------+
; Processors                 ; Number ;
+----------------------------+--------+
; Number detected on machine ; 2      ;
; Maximum allowed            ; 1      ;
+----------------------------+--------+


+--------------------------------------------------------------------------------------------------------------------------------------------------------------------------------------------------------------------------------+
; Analysis & Synthesis Source Files Read                                                                                                                                                                                         ;
+----------------------------------+-----------------+------------------------+--------------------------------------------------------------------------------------------------------------------------------------------------+
; File Name with User-Entered Path ; Used in Netlist ; File Type              ; File Name with Absolute Path                                                                                                                     ;
+----------------------------------+-----------------+------------------------+--------------------------------------------------------------------------------------------------------------------------------------------------+
; instr_rom_rv32i.v                ; yes             ; User Verilog HDL File  ; D:/Academic/ITB/Semester_5/EL3011 Arsitektur_Komputer/Praktikum/Hasil Akhir Praktikum/EL3011_1_20251106_13223095/1_Lab/Tugas_1/instr_rom_rv32i.v ;
+----------------------------------+-----------------+------------------------+--------------------------------------------------------------------------------------------------------------------------------------------------+


+-----------------------------------------------------------+
; Analysis & Synthesis Resource Usage Summary               ;
+---------------------------------------------+-------------+
; Resource                                    ; Usage       ;
+---------------------------------------------+-------------+
; Estimated Total logic elements              ; 33          ;
;                                             ;             ;
; Total combinational functions               ; 23          ;
; Logic element usage by number of LUT inputs ;             ;
;     -- 4 input functions                    ; 11          ;
;     -- 3 input functions                    ; 0           ;
;     -- <=2 input functions                  ; 12          ;
;                                             ;             ;
; Logic elements by mode                      ;             ;
;     -- normal mode                          ; 23          ;
;     -- arithmetic mode                      ; 0           ;
;                                             ;             ;
; Total registers                             ; 23          ;
;     -- Dedicated logic registers            ; 23          ;
;     -- I/O registers                        ; 0           ;
;                                             ;             ;
; I/O pins                                    ; 66          ;
; Maximum fan-out node                        ; clock~input ;
; Maximum fan-out                             ; 23          ;
; Total fan-out                               ; 226         ;
; Average fan-out                             ; 1.27        ;
+---------------------------------------------+-------------+


+-----------------------------------------------------------------------------------------------------------------------------------------------------------------------------+
; Analysis & Synthesis Resource Utilization by Entity                                                                                                                         ;
+----------------------------+-------------------+--------------+-------------+--------------+---------+-----------+------+--------------+---------------------+--------------+
; Compilation Hierarchy Node ; LC Combinationals ; LC Registers ; Memory Bits ; DSP Elements ; DSP 9x9 ; DSP 18x18 ; Pins ; Virtual Pins ; Full Hierarchy Name ; Library Name ;
+----------------------------+-------------------+--------------+-------------+--------------+---------+-----------+------+--------------+---------------------+--------------+
; |instr_rom_rv32i           ; 23 (23)           ; 23 (23)      ; 0           ; 0            ; 0       ; 0         ; 66   ; 0            ; |instr_rom_rv32i    ; work         ;
+----------------------------+-------------------+--------------+-------------+--------------+---------+-----------+------+--------------+---------------------+--------------+
Note: For table entries with two numbers listed, the numbers in parentheses indicate the number of resources of the given type used by the specific entity alone. The numbers listed outside of parentheses indicate the total resources of the given type used by the specific entity and all of its sub-entities in the hierarchy.


+--------------------------------------------------------------------------------+
; Registers Removed During Synthesis                                             ;
+---------------------------------------+----------------------------------------+
; Register name                         ; Reason for Removal                     ;
+---------------------------------------+----------------------------------------+
; INSTR[0]~reg0                         ; Stuck at VCC due to stuck port data_in ;
; INSTR[24]~reg0                        ; Stuck at GND due to stuck port data_in ;
; INSTR[19]~reg0                        ; Stuck at GND due to stuck port data_in ;
; INSTR[18]~reg0                        ; Stuck at GND due to stuck port data_in ;
; INSTR[13]~reg0                        ; Stuck at GND due to stuck port data_in ;
; INSTR[12]~reg0                        ; Stuck at GND due to stuck port data_in ;
; INSTR[3]~reg0                         ; Stuck at GND due to stuck port data_in ;
; INSTR[2]~reg0                         ; Stuck at GND due to stuck port data_in ;
; INSTR[1]~reg0                         ; Stuck at VCC due to stuck port data_in ;
; Total Number of Removed Registers = 9 ;                                        ;
+---------------------------------------+----------------------------------------+


+------------------------------------------------------+
; General Register Statistics                          ;
+----------------------------------------------+-------+
; Statistic                                    ; Value ;
+----------------------------------------------+-------+
; Total registers                              ; 23    ;
; Number of registers using Synchronous Clear  ; 0     ;
; Number of registers using Synchronous Load   ; 0     ;
; Number of registers using Asynchronous Clear ; 23    ;
; Number of registers using Asynchronous Load  ; 0     ;
; Number of registers using Clock Enable       ; 0     ;
; Number of registers using Preset             ; 0     ;
+----------------------------------------------+-------+


+--------------------------------------------------+
; Inverted Register Statistics                     ;
+----------------------------------------+---------+
; Inverted Register                      ; Fan out ;
+----------------------------------------+---------+
; INSTR[4]~reg0                          ; 1       ;
; Total number of inverted registers = 1 ;         ;
+----------------------------------------+---------+


+-------------------------------+
; Analysis & Synthesis Messages ;
+-------------------------------+
Info: *******************************************************************
Info: Running Quartus II Analysis & Synthesis
    Info: Version 9.1 Build 350 03/24/2010 Service Pack 2 SJ Web Edition
    Info: Processing started: Thu Nov 06 13:56:04 2025
Info: Command: quartus_map --read_settings_files=on --write_settings_files=off Tugas_1 -c instr_rom_rv32i
Info: Found 1 design units, including 1 entities, in source file instr_rom_rv32i.v
    Info: Found entity 1: instr_rom_rv32i
Info: Elaborating entity "instr_rom_rv32i" for the top level hierarchy
Info: Registers with preset signals will power-up high
Info: DEV_CLRn pin will set, and not reset, register with preset signal due to NOT Gate Push-Back
Warning: Output pins are stuck at VCC or GND
    Warning (13410): Pin "INSTR[0]" is stuck at VCC
    Warning (13410): Pin "INSTR[1]" is stuck at VCC
    Warning (13410): Pin "INSTR[2]" is stuck at GND
    Warning (13410): Pin "INSTR[3]" is stuck at GND
    Warning (13410): Pin "INSTR[12]" is stuck at GND
    Warning (13410): Pin "INSTR[13]" is stuck at GND
    Warning (13410): Pin "INSTR[18]" is stuck at GND
    Warning (13410): Pin "INSTR[19]" is stuck at GND
    Warning (13410): Pin "INSTR[24]" is stuck at GND
Info: Timing-Driven Synthesis is running
Warning: Design contains 27 input pin(s) that do not drive logic
    Warning (15610): No output dependent on input pin "ADDR[0]"
    Warning (15610): No output dependent on input pin "ADDR[1]"
    Warning (15610): No output dependent on input pin "ADDR[7]"
    Warning (15610): No output dependent on input pin "ADDR[8]"
    Warning (15610): No output dependent on input pin "ADDR[9]"
    Warning (15610): No output dependent on input pin "ADDR[10]"
    Warning (15610): No output dependent on input pin "ADDR[11]"
    Warning (15610): No output dependent on input pin "ADDR[12]"
    Warning (15610): No output dependent on input pin "ADDR[13]"
    Warning (15610): No output dependent on input pin "ADDR[14]"
    Warning (15610): No output dependent on input pin "ADDR[15]"
    Warning (15610): No output dependent on input pin "ADDR[16]"
    Warning (15610): No output dependent on input pin "ADDR[17]"
    Warning (15610): No output dependent on input pin "ADDR[18]"
    Warning (15610): No output dependent on input pin "ADDR[19]"
    Warning (15610): No output dependent on input pin "ADDR[20]"
    Warning (15610): No output dependent on input pin "ADDR[21]"
    Warning (15610): No output dependent on input pin "ADDR[22]"
    Warning (15610): No output dependent on input pin "ADDR[23]"
    Warning (15610): No output dependent on input pin "ADDR[24]"
    Warning (15610): No output dependent on input pin "ADDR[25]"
    Warning (15610): No output dependent on input pin "ADDR[26]"
    Warning (15610): No output dependent on input pin "ADDR[27]"
    Warning (15610): No output dependent on input pin "ADDR[28]"
    Warning (15610): No output dependent on input pin "ADDR[29]"
    Warning (15610): No output dependent on input pin "ADDR[30]"
    Warning (15610): No output dependent on input pin "ADDR[31]"
Info: Implemented 101 device resources after synthesis - the final resource count might be different
    Info: Implemented 34 input pins
    Info: Implemented 32 output pins
    Info: Implemented 35 logic cells
Info: Quartus II Analysis & Synthesis was successful. 0 errors, 38 warnings
    Info: Peak virtual memory: 223 megabytes
    Info: Processing ended: Thu Nov 06 13:56:06 2025
    Info: Elapsed time: 00:00:02
    Info: Total CPU time (on all processors): 00:00:02


