#! /c/Source/iverilog-install/bin/vvp
:ivl_version "12.0 (devel)" "(s20150603-1539-g2693dd32b)";
:ivl_delay_selection "TYPICAL";
:vpi_time_precision + 0;
:vpi_module "C:\iverilog\lib\ivl\system.vpi";
:vpi_module "C:\iverilog\lib\ivl\vhdl_sys.vpi";
:vpi_module "C:\iverilog\lib\ivl\vhdl_textio.vpi";
:vpi_module "C:\iverilog\lib\ivl\v2005_math.vpi";
:vpi_module "C:\iverilog\lib\ivl\va_math.vpi";
S_00000181b2846fb0 .scope module, "instr_rom_rv32i" "instr_rom_rv32i" 2 11;
 .timescale 0 0;
    .port_info 0 /INPUT 32 "ADDR";
    .port_info 1 /INPUT 1 "clock";
    .port_info 2 /INPUT 1 "reset";
    .port_info 3 /OUTPUT 32 "INSTR";
o00000181b284dfd8 .functor BUFZ 32, C4<zzzzzzzzzzzzzzzzzzzzzzzzzzzzzzzz>; HiZ drive
v00000181b2812f10_0 .net "ADDR", 31 0, o00000181b284dfd8;  0 drivers
v00000181b2812b20_0 .var "INSTR", 31 0;
o00000181b284e038 .functor BUFZ 1, C4<z>; HiZ drive
v00000181b25bbd80_0 .net "clock", 0 0, o00000181b284e038;  0 drivers
v00000181b25bbe20_0 .var/i "i", 31 0;
v00000181b25bbec0 .array "mem", 31 0, 31 0;
o00000181b284e098 .functor BUFZ 1, C4<z>; HiZ drive
v00000181b2847140_0 .net "reset", 0 0, o00000181b284e098;  0 drivers
v00000181b28471e0_0 .net "waddr", 4 0, L_00000181b2847280;  1 drivers
E_00000181b25b9910 .event posedge, v00000181b2847140_0, v00000181b25bbd80_0;
L_00000181b2847280 .part o00000181b284dfd8, 2, 5;
    .scope S_00000181b2846fb0;
T_0 ;
    %pushi/vec4 0, 0, 32;
    %store/vec4 v00000181b25bbe20_0, 0, 32;
T_0.0 ;
    %load/vec4 v00000181b25bbe20_0;
    %cmpi/s 32, 0, 32;
    %jmp/0xz T_0.1, 5;
    %pushi/vec4 19, 0, 32;
    %ix/getv/s 4, v00000181b25bbe20_0;
    %store/vec4a v00000181b25bbec0, 4, 0;
    %load/vec4 v00000181b25bbe20_0;
    %addi 1, 0, 32;
    %store/vec4 v00000181b25bbe20_0, 0, 32;
    %jmp T_0.0;
T_0.1 ;
    %pushi/vec4 1049235, 0, 32;
    %ix/load 4, 0, 0;
    %flag_set/imm 4, 0;
    %store/vec4a v00000181b25bbec0, 4, 0;
    %pushi/vec4 819, 0, 32;
    %ix/load 4, 1, 0;
    %flag_set/imm 4, 0;
    %store/vec4a v00000181b25bbec0, 4, 0;
    %pushi/vec4 11535251, 0, 32;
    %ix/load 4, 2, 0;
    %flag_set/imm 4, 0;
    %store/vec4a v00000181b25bbec0, 4, 0;
    %pushi/vec4 5440307, 0, 32;
    %ix/load 4, 4, 0;
    %flag_set/imm 4, 0;
    %store/vec4a v00000181b25bbec0, 4, 0;
    %pushi/vec4 1213075, 0, 32;
    %ix/load 4, 5, 0;
    %flag_set/imm 4, 0;
    %store/vec4a v00000181b25bbec0, 4, 0;
    %pushi/vec4 4268936419, 0, 32;
    %ix/load 4, 6, 0;
    %flag_set/imm 4, 0;
    %store/vec4a v00000181b25bbec0, 4, 0;
    %pushi/vec4 1299, 0, 32;
    %ix/load 4, 7, 0;
    %flag_set/imm 4, 0;
    %store/vec4a v00000181b25bbec0, 4, 0;
    %end;
    .thread T_0;
    .scope S_00000181b2846fb0;
T_1 ;
    %wait E_00000181b25b9910;
    %load/vec4 v00000181b2847140_0;
    %flag_set/vec4 8;
    %jmp/0xz  T_1.0, 8;
    %pushi/vec4 19, 0, 32;
    %assign/vec4 v00000181b2812b20_0, 0;
    %jmp T_1.1;
T_1.0 ;
    %load/vec4 v00000181b28471e0_0;
    %pad/u 7;
    %ix/vec4 4;
    %load/vec4a v00000181b25bbec0, 4;
    %assign/vec4 v00000181b2812b20_0, 0;
T_1.1 ;
    %jmp T_1;
    .thread T_1;
# The file index is used to find the file name in the following table.
:file_names 3;
    "N/A";
    "<interactive>";
    "./instr_rom_rv32i.v";
